<?xml version="1.0" encoding="UTF-8"?>
<testng-results ignored="0" total="1" passed="1" failed="0" skipped="0">
  <reporter-output>
  </reporter-output>
  <suite started-at="2022-02-11T14:37:16 EST" name="Default suite" finished-at="2022-02-11T14:37:40 EST" duration-ms="23498">
    <groups>
    </groups>
    <test started-at="2022-02-11T14:37:16 EST" name="Default test" finished-at="2022-02-11T14:37:40 EST" duration-ms="23498">
      <class name="demoblazeversion1.demoblazeversion1.TestCase">
        <test-method is-config="true" signature="setUp()[pri:0, instance:demoblazeversion1.demoblazeversion1.TestCase@367ffa75]" started-at="2022-02-11T14:37:16 EST" name="setUp" finished-at="2022-02-11T14:37:18 EST" duration-ms="1845" status="PASS">
          <reporter-output>
          </reporter-output>
        </test-method> <!-- setUp -->
        <test-method signature="testCase()[pri:0, instance:demoblazeversion1.demoblazeversion1.TestCase@367ffa75]" started-at="2022-02-11T14:37:18 EST" name="testCase" finished-at="2022-02-11T14:37:39 EST" duration-ms="20916" status="PASS">
          <reporter-output>
          </reporter-output>
        </test-method> <!-- testCase -->
        <test-method is-config="true" signature="endTest()[pri:0, instance:demoblazeversion1.demoblazeversion1.TestCase@367ffa75]" started-at="2022-02-11T14:37:39 EST" name="endTest" finished-at="2022-02-11T14:37:40 EST" duration-ms="677" status="PASS">
          <reporter-output>
          </reporter-output>
        </test-method> <!-- endTest -->
      </class> <!-- demoblazeversion1.demoblazeversion1.TestCase -->
    </test> <!-- Default test -->
  </suite> <!-- Default suite -->
</testng-results>
